+++ Unpack the sources
+++ ====================================
+++ tar xfv sk98lin.tar
2.6/
2.6/sky2.c
2.6/skethtool.c
2.6/skproc.c
2.6/Makefile
2.6/skge.c
2.6/h/
2.6/h/skdrv1st.h
2.6/h/skdrv2nd.h
2.6/skdim.c
common/
common/skaddr.c
common/fwos.c
common/skgeinit.c
common/skgehwt.c
common/skspi.c
common/sk98lin.htm
common/fwapp.c
common/sktimer.c
common/fwhci.c
common/fwptrn.c
common/flashfun.c
common/fwfunctions.c
common/skgemib.c
common/vpdcheck.c
common/skvpd.c
common/skpflash.c
common/sky2le.c
common/fwimage.c
common/fwoids.c
common/skgesirq.c
common/sk98lin.4
common/fwmain.c
common/sktwsi.c
common/skgepnmi.c
common/sklm80.c
common/skgespilole.c
common/skxmac2.c
common/sk98lin.txt
common/h/
common/h/sktimer.h
common/h/fwimage.h
common/h/sktypes.h
common/h/fwptrn.h
common/h/skdebug.h
common/h/skaddr.h
common/h/skversion.h
common/h/skgeasfapi.h
common/h/lm80.h
common/h/skvpd.h
common/h/skgetwsi.h
common/h/skgeinit.h
common/h/skgesirq.h
common/h/skpflash.h
common/h/skqueue.h
common/h/fwoids.h
common/h/skcsum.h
common/h/skgepnm2.h
common/h/skspi.h
common/h/fwapp.h
common/h/skpcidevid.h
common/h/fwos.h
common/h/mvyexhw.h
common/h/sktwsi.h
common/h/fwmain.h
common/h/xmac_ii.h
common/h/fwhci.h
common/h/skgehw.h
common/h/skgedrv.h
common/h/sky2le.h
common/h/skgepnmi.h
common/h/flash.h
common/h/fwcommon.h
common/h/skgehwt.h
common/h/skerror.h
common/skqueue.c
common/skgeasfapi.c
common/skcsum.c
misc/
misc/Kconfig
misc/Configure.help
+++ Kernel version unsupported
